<?xml version="1.0" encoding="UTF-8"?>
<testsuite name="com.thoughtworks.rectangle.RectangleTest" tests="1" skipped="0" failures="0" errors="0" timestamp="2024-06-04T06:04:58" hostname="gurushifu-gurushifugitp-9laz4vu8i4a" time="0.012">
  <properties/>
  <testcase name="shouldReturnAreaWhenLengthAndBreadthIsGiven()" classname="com.thoughtworks.rectangle.RectangleTest" time="0.012"/>
  <system-out><![CDATA[]]></system-out>
  <system-err><![CDATA[]]></system-err>
</testsuite>
